{"level":"error","message":"Unexpected token n in JSON at position 7","timestamp":"2023-11-10T23:07:14.381Z"}
{"level":"error","message":"Please fill all fields.","timestamp":"2023-11-10T23:38:38.997Z"}
{"level":"error","message":"Unexpected token x in JSON at position 85","timestamp":"2023-11-10T23:45:03.609Z"}
{"level":"error","message":"Unexpected string in JSON at position 85","timestamp":"2023-11-10T23:45:19.091Z"}
{"level":"error","message":"Unexpected string in JSON at position 85","timestamp":"2023-11-10T23:45:57.025Z"}
{"level":"error","message":"Please fill all fields.","timestamp":"2023-11-10T23:46:15.751Z"}
{"level":"error","message":"validator is not defined","timestamp":"2023-11-10T23:46:26.206Z"}
{"level":"error","message":"validator is not defined","timestamp":"2023-11-10T23:46:44.405Z"}
{"level":"error","message":"validator is not defined","timestamp":"2023-11-10T23:47:05.695Z"}
{"level":"error","message":"validator is not defined","timestamp":"2023-11-10T23:47:46.617Z"}
{"level":"error","message":"Please  make sure that your name is more than 2 characters","timestamp":"2023-11-10T23:48:38.567Z"}
{"level":"error","message":"Please  make sure that your name is more than 2 characters","timestamp":"2023-11-11T00:08:24.132Z"}
{"level":"error","message":"UserModel.findOne is not a function","timestamp":"2023-11-11T00:08:38.931Z"}
{"level":"error","message":"UserModel.findOne is not a function","timestamp":"2023-11-11T00:09:31.772Z"}
{"level":"error","message":"UserModel.findOne is not a function","timestamp":"2023-11-11T00:10:38.455Z"}
{"level":"error","message":"UserModel.findOne is not a function","timestamp":"2023-11-11T00:11:31.976Z"}
{"level":"error","message":"UserModel.findOne is not a function","timestamp":"2023-11-11T00:14:52.561Z"}
{"level":"error","message":"Please fill all fields.","timestamp":"2023-11-11T00:25:50.533Z"}
{"level":"error","message":"Please fill all fields.","timestamp":"2023-11-11T00:26:19.122Z"}
{"level":"error","message":"Please fill all fields.","timestamp":"2023-11-11T00:26:34.849Z"}
{"level":"error","message":"Please fill all fields.","timestamp":"2023-11-11T00:26:44.525Z"}
{"level":"error","message":"Please fill all fields.","timestamp":"2023-11-11T00:26:46.203Z"}
{"level":"error","message":"Please fill all fields.","timestamp":"2023-11-11T00:27:07.833Z"}
{"level":"error","message":"Please fill all fields.","timestamp":"2023-11-11T00:27:29.656Z"}
{"level":"error","message":"Please fill all fields.","timestamp":"2023-11-11T00:28:12.456Z"}
{"level":"error","message":"UserModel.findOne is not a function","timestamp":"2023-11-11T00:28:36.317Z"}
{"level":"error","message":"UserModel is not a constructor","timestamp":"2023-11-11T00:29:41.521Z"}
{"level":"error","message":"UserModel is not a constructor","timestamp":"2023-11-11T00:29:53.742Z"}
{"level":"error","message":"UserModel is not a constructor","timestamp":"2023-11-11T00:32:22.953Z"}
{"level":"error","message":"Cannot set headers after they are sent to the client","timestamp":"2023-11-11T00:35:41.673Z"}
{"level":"error","message":"brypt is not defined","timestamp":"2023-11-11T02:19:38.662Z"}
{"level":"error","message":"E11000 duplicate key error collection: WhatsApp.users index: email_1 dup key: { email: \"vishwajitingole22@gmail.com\" }","timestamp":"2023-11-11T02:20:17.111Z"}
{"level":"error","message":"Cannot set headers after they are sent to the client","timestamp":"2023-11-11T02:20:35.587Z"}
{"level":"error","message":"generateToken is not defined","timestamp":"2023-11-11T04:47:35.538Z"}
{"level":"error","message":"E11000 duplicate key error collection: WhatsApp.users index: email_1 dup key: { email: \"vishwajitingole22@gmail.com\" }","timestamp":"2023-11-11T04:48:38.599Z"}
{"level":"error","message":"generateToken is not defined","timestamp":"2023-11-11T04:49:21.570Z"}
{"level":"error","message":"E11000 duplicate key error collection: WhatsApp.users index: email_1 dup key: { email: \"vishwajitingole22@gmail.com\" }","timestamp":"2023-11-11T04:50:14.562Z"}
{"level":"error","message":"sign is not defined","timestamp":"2023-11-11T04:50:30.534Z"}
{"level":"error","message":"sign is not defined","timestamp":"2023-11-11T04:52:37.211Z"}
{"level":"error","message":"E11000 duplicate key error collection: WhatsApp.users index: email_1 dup key: { email: \"vishwajitingole22@gmail.com\" }","timestamp":"2023-11-11T04:52:41.491Z"}
{"level":"error","message":"Cannot set headers after they are sent to the client","timestamp":"2023-11-11T04:57:01.662Z"}
{"level":"error","message":"Cannot set headers after they are sent to the client","timestamp":"2023-11-11T05:05:09.632Z"}
{"level":"error","message":"Cannot set headers after they are sent to the client","timestamp":"2023-11-11T05:06:36.023Z"}
{"level":"error","message":"signUser is not defined","timestamp":"2023-11-11T05:27:48.787Z"}
{"level":"error","message":"Cannot set headers after they are sent to the client","timestamp":"2023-11-11T05:37:59.446Z"}
{"level":"error","message":"Cannot set headers after they are sent to the client","timestamp":"2023-11-11T05:38:04.147Z"}
{"level":"error","message":"Cannot read properties of undefined (reading 'refreshtoken')","timestamp":"2023-11-11T08:51:44.666Z"}
{"level":"error","message":"Cannot set headers after they are sent to the client","timestamp":"2023-11-11T08:51:56.015Z"}
{"level":"error","message":"Cannot read properties of undefined (reading 'refreshtoken')","timestamp":"2023-11-11T08:52:00.985Z"}
{"level":"error","message":"Cannot read properties of undefined (reading 'refreshtoken')","timestamp":"2023-11-11T09:01:22.554Z"}
{"level":"error","message":"Cannot read properties of undefined (reading 'refreshtoken')","timestamp":"2023-11-11T09:02:08.811Z"}
{"level":"error","message":"Please login.","timestamp":"2023-11-11T09:03:51.944Z"}
{"level":"error","message":"Please login.","timestamp":"2023-11-11T09:15:31.286Z"}
{"level":"error","message":"Please login.","timestamp":"2023-11-11T09:15:34.834Z"}
{"level":"error","message":"Please login.","timestamp":"2023-11-11T09:16:11.624Z"}
{"level":"error","message":"Please login.","timestamp":"2023-11-11T09:16:24.480Z"}
{"level":"error","message":"Please login.","timestamp":"2023-11-11T09:16:46.818Z"}
{"level":"error","message":"Please login.","timestamp":"2023-11-11T09:17:55.029Z"}
{"level":"error","message":"Please login.","timestamp":"2023-11-11T09:18:03.228Z"}
{"level":"error","message":"Please login.","timestamp":"2023-11-11T09:18:34.288Z"}
{"level":"error","message":"Please login.","timestamp":"2023-11-11T09:18:36.267Z"}
{"level":"error","message":"Cannot set headers after they are sent to the client","timestamp":"2023-11-14T04:06:49.234Z"}
{"level":"error","message":"Unexpected token } in JSON at position 80","timestamp":"2023-11-14T04:07:38.234Z"}
{"level":"error","message":"Cannot set headers after they are sent to the client","timestamp":"2023-11-14T04:07:53.979Z"}
{"level":"error","message":"Unhandled promise rejection: createHttpError is not defined","stack":"ReferenceError: createHttpError is not defined\n    at default (file:///C:/Users/vishw/Documents/GitHub/Cloning_WhatsApp_MERN-Project/root/be/middlewares/auth.middleware.js:2:52)\n    at Layer.handle [as handle_request] (C:\\Users\\vishw\\Documents\\GitHub\\Cloning_WhatsApp_MERN-Project\\root\\be\\node_modules\\express\\lib\\router\\layer.js:95:5)\n    at next (C:\\Users\\vishw\\Documents\\GitHub\\Cloning_WhatsApp_MERN-Project\\root\\be\\node_modules\\express\\lib\\router\\route.js:144:13)\n    at all (C:\\Users\\vishw\\Documents\\GitHub\\Cloning_WhatsApp_MERN-Project\\root\\be\\node_modules\\trim-request\\index.js:40:5)\n    at Layer.handle [as handle_request] (C:\\Users\\vishw\\Documents\\GitHub\\Cloning_WhatsApp_MERN-Project\\root\\be\\node_modules\\express\\lib\\router\\layer.js:95:5)\n    at next (C:\\Users\\vishw\\Documents\\GitHub\\Cloning_WhatsApp_MERN-Project\\root\\be\\node_modules\\express\\lib\\router\\route.js:144:13)\n    at Route.dispatch (C:\\Users\\vishw\\Documents\\GitHub\\Cloning_WhatsApp_MERN-Project\\root\\be\\node_modules\\express\\lib\\router\\route.js:114:3)\n    at Layer.handle [as handle_request] (C:\\Users\\vishw\\Documents\\GitHub\\Cloning_WhatsApp_MERN-Project\\root\\be\\node_modules\\express\\lib\\router\\layer.js:95:5)\n    at C:\\Users\\vishw\\Documents\\GitHub\\Cloning_WhatsApp_MERN-Project\\root\\be\\node_modules\\express\\lib\\router\\index.js:284:15\n    at Function.process_params (C:\\Users\\vishw\\Documents\\GitHub\\Cloning_WhatsApp_MERN-Project\\root\\be\\node_modules\\express\\lib\\router\\index.js:346:12)","timestamp":"2023-11-14T04:13:42.972Z"}
{"level":"error","message":"Unhandled promise rejection: createHttpError is not defined","stack":"ReferenceError: createHttpError is not defined\n    at default (file:///C:/Users/vishw/Documents/GitHub/Cloning_WhatsApp_MERN-Project/root/be/middlewares/auth.middleware.js:2:52)\n    at Layer.handle [as handle_request] (C:\\Users\\vishw\\Documents\\GitHub\\Cloning_WhatsApp_MERN-Project\\root\\be\\node_modules\\express\\lib\\router\\layer.js:95:5)\n    at next (C:\\Users\\vishw\\Documents\\GitHub\\Cloning_WhatsApp_MERN-Project\\root\\be\\node_modules\\express\\lib\\router\\route.js:144:13)\n    at all (C:\\Users\\vishw\\Documents\\GitHub\\Cloning_WhatsApp_MERN-Project\\root\\be\\node_modules\\trim-request\\index.js:40:5)\n    at Layer.handle [as handle_request] (C:\\Users\\vishw\\Documents\\GitHub\\Cloning_WhatsApp_MERN-Project\\root\\be\\node_modules\\express\\lib\\router\\layer.js:95:5)\n    at next (C:\\Users\\vishw\\Documents\\GitHub\\Cloning_WhatsApp_MERN-Project\\root\\be\\node_modules\\express\\lib\\router\\route.js:144:13)\n    at Route.dispatch (C:\\Users\\vishw\\Documents\\GitHub\\Cloning_WhatsApp_MERN-Project\\root\\be\\node_modules\\express\\lib\\router\\route.js:114:3)\n    at Layer.handle [as handle_request] (C:\\Users\\vishw\\Documents\\GitHub\\Cloning_WhatsApp_MERN-Project\\root\\be\\node_modules\\express\\lib\\router\\layer.js:95:5)\n    at C:\\Users\\vishw\\Documents\\GitHub\\Cloning_WhatsApp_MERN-Project\\root\\be\\node_modules\\express\\lib\\router\\index.js:284:15\n    at Function.process_params (C:\\Users\\vishw\\Documents\\GitHub\\Cloning_WhatsApp_MERN-Project\\root\\be\\node_modules\\express\\lib\\router\\index.js:346:12)","timestamp":"2023-11-14T04:15:12.849Z"}
{"level":"error","message":"Unauthorized","timestamp":"2023-11-14T04:46:28.850Z"}
{"level":"error","message":"Cannot set headers after they are sent to the client","timestamp":"2023-11-14T04:49:06.330Z"}
{"level":"error","message":"Cannot set headers after they are sent to the client","timestamp":"2023-11-14T04:51:32.446Z"}
{"level":"error","message":"Unauthorized","timestamp":"2023-11-14T05:21:14.008Z"}
{"level":"error","message":"Cannot access 'token' before initialization","timestamp":"2023-11-14T05:23:06.541Z"}
{"level":"error","message":"Unauthorized","timestamp":"2023-11-14T05:24:03.843Z"}
{"level":"error","message":"Cannot set headers after they are sent to the client","timestamp":"2023-11-14T05:24:13.436Z"}
{"level":"error","message":"Unauthorized","timestamp":"2023-11-14T05:24:18.269Z"}
